  [1m[35m (870.8ms)[0m  [1m[35mCREATE DATABASE "burning-airlines-back-end_development" ENCODING = 'unicode'[0m
  ↳ bin/rails:4
  [1m[35m (331.3ms)[0m  [1m[35mCREATE DATABASE "burning-airlines-back-end_test" ENCODING = 'unicode'[0m
  ↳ bin/rails:4
  [1m[35m (69.7ms)[0m  [1m[35mCREATE TABLE "schema_migrations" ("version" character varying NOT NULL PRIMARY KEY)[0m
  ↳ bin/rails:4
  [1m[35m (83.0ms)[0m  [1m[35mCREATE TABLE "ar_internal_metadata" ("key" character varying NOT NULL PRIMARY KEY, "value" character varying, "created_at" timestamp NOT NULL, "updated_at" timestamp NOT NULL)[0m
  ↳ bin/rails:4
  [1m[35m (0.8ms)[0m  [1m[34mSELECT pg_try_advisory_lock(2792473505784481050)[0m
  ↳ bin/rails:4
  [1m[35m (2.6ms)[0m  [1m[34mSELECT "schema_migrations"."version" FROM "schema_migrations" ORDER BY "schema_migrations"."version" ASC[0m
  ↳ bin/rails:4
Migrating to CreateAirplanes (20220215083230)
  [1m[35m (0.2ms)[0m  [1m[35mBEGIN[0m
  ↳ bin/rails:4
  [1m[35m (62.0ms)[0m  [1m[35mCREATE TABLE "airplanes" ("id" bigserial primary key, "name" character varying, "rows" integer, "columns" integer)[0m
  ↳ db/migrate/20220215083230_create_airplanes.rb:3
  [1m[36mActiveRecord::SchemaMigration Create (0.4ms)[0m  [1m[32mINSERT INTO "schema_migrations" ("version") VALUES ($1) RETURNING "version"[0m  [["version", "20220215083230"]]
  ↳ bin/rails:4
  [1m[35m (0.5ms)[0m  [1m[35mCOMMIT[0m
  ↳ bin/rails:4
Migrating to CreateFlights (20220215083406)
  [1m[35m (28.3ms)[0m  [1m[35mBEGIN[0m
  ↳ bin/rails:4
  [1m[35m (4.8ms)[0m  [1m[35mCREATE TABLE "flights" ("id" bigserial primary key, "seats" integer, "origin" text, "destination" text, "airplane_id" integer)[0m
  ↳ db/migrate/20220215083406_create_flights.rb:3
  [1m[36mActiveRecord::SchemaMigration Create (0.4ms)[0m  [1m[32mINSERT INTO "schema_migrations" ("version") VALUES ($1) RETURNING "version"[0m  [["version", "20220215083406"]]
  ↳ bin/rails:4
  [1m[35m (0.5ms)[0m  [1m[35mCOMMIT[0m
  ↳ bin/rails:4
Migrating to CreateReservations (20220215083448)
  [1m[35m (25.1ms)[0m  [1m[35mBEGIN[0m
  ↳ bin/rails:4
  [1m[35m (3.2ms)[0m  [1m[35mCREATE TABLE "reservations" ("id" bigserial primary key, "row" integer, "column" integer, "flight_id" integer, "user_id" integer)[0m
  ↳ db/migrate/20220215083448_create_reservations.rb:3
  [1m[36mActiveRecord::SchemaMigration Create (0.3ms)[0m  [1m[32mINSERT INTO "schema_migrations" ("version") VALUES ($1) RETURNING "version"[0m  [["version", "20220215083448"]]
  ↳ bin/rails:4
  [1m[35m (0.4ms)[0m  [1m[35mCOMMIT[0m
  ↳ bin/rails:4
Migrating to CreateUsers (20220215083519)
  [1m[35m (25.7ms)[0m  [1m[35mBEGIN[0m
  ↳ bin/rails:4
  [1m[35m (4.4ms)[0m  [1m[35mCREATE TABLE "users" ("id" bigserial primary key, "name" character varying, "is_admin" boolean)[0m
  ↳ db/migrate/20220215083519_create_users.rb:3
  [1m[36mActiveRecord::SchemaMigration Create (0.3ms)[0m  [1m[32mINSERT INTO "schema_migrations" ("version") VALUES ($1) RETURNING "version"[0m  [["version", "20220215083519"]]
  ↳ bin/rails:4
  [1m[35m (0.6ms)[0m  [1m[35mCOMMIT[0m
  ↳ bin/rails:4
  [1m[36mActiveRecord::InternalMetadata Load (0.6ms)[0m  [1m[34mSELECT  "ar_internal_metadata".* FROM "ar_internal_metadata" WHERE "ar_internal_metadata"."key" = $1 LIMIT $2[0m  [["key", "environment"], ["LIMIT", 1]]
  ↳ bin/rails:4
  [1m[35m (0.1ms)[0m  [1m[35mBEGIN[0m
  ↳ bin/rails:4
  [1m[36mActiveRecord::InternalMetadata Create (0.6ms)[0m  [1m[32mINSERT INTO "ar_internal_metadata" ("key", "value", "created_at", "updated_at") VALUES ($1, $2, $3, $4) RETURNING "key"[0m  [["key", "environment"], ["value", "development"], ["created_at", "2022-02-15 08:35:25.759707"], ["updated_at", "2022-02-15 08:35:25.759707"]]
  ↳ bin/rails:4
  [1m[35m (0.5ms)[0m  [1m[35mCOMMIT[0m
  ↳ bin/rails:4
  [1m[35m (0.2ms)[0m  [1m[34mSELECT pg_advisory_unlock(2792473505784481050)[0m
  ↳ bin/rails:4
  [1m[35m (0.3ms)[0m  [1m[34mSELECT "schema_migrations"."version" FROM "schema_migrations" ORDER BY "schema_migrations"."version" ASC[0m
  ↳ bin/rails:4
  [1m[35m (1.3ms)[0m  [1m[34mSELECT "schema_migrations"."version" FROM "schema_migrations" ORDER BY "schema_migrations"."version" ASC[0m
  ↳ bin/rails:4
  [1m[36mAirplane Load (40.9ms)[0m  [1m[34mSELECT "airplanes".* FROM "airplanes"[0m
  ↳ db/seeds.rb:5
  [1m[35m (0.1ms)[0m  [1m[35mBEGIN[0m
  ↳ db/seeds.rb:14
  [1m[36mAirplane Create (0.5ms)[0m  [1m[32mINSERT INTO "airplanes" DEFAULT VALUES RETURNING "id"[0m
  ↳ db/seeds.rb:14
  [1m[35m (2.2ms)[0m  [1m[35mCOMMIT[0m
  ↳ db/seeds.rb:14
  [1m[35m (0.1ms)[0m  [1m[35mBEGIN[0m
  ↳ db/seeds.rb:19
  [1m[36mAirplane Update (44.6ms)[0m  [1m[33mUPDATE "airplanes" SET "name" = $1, "rows" = $2, "columns" = $3 WHERE "airplanes"."id" = $4[0m  [["name", "Concorde"], ["rows", 10], ["columns", 4], ["id", 1]]
  ↳ db/seeds.rb:19
  [1m[35m (0.5ms)[0m  [1m[35mCOMMIT[0m
  ↳ db/seeds.rb:19
  [1m[35m (0.1ms)[0m  [1m[35mBEGIN[0m
  ↳ db/seeds.rb:14
  [1m[36mAirplane Create (0.3ms)[0m  [1m[32mINSERT INTO "airplanes" DEFAULT VALUES RETURNING "id"[0m
  ↳ db/seeds.rb:14
  [1m[35m (0.4ms)[0m  [1m[35mCOMMIT[0m
  ↳ db/seeds.rb:14
  [1m[35m (0.1ms)[0m  [1m[35mBEGIN[0m
  ↳ db/seeds.rb:19
  [1m[36mAirplane Update (0.3ms)[0m  [1m[33mUPDATE "airplanes" SET "name" = $1, "rows" = $2, "columns" = $3 WHERE "airplanes"."id" = $4[0m  [["name", "Douglas DC-3"], ["rows", 10], ["columns", 2], ["id", 2]]
  ↳ db/seeds.rb:19
  [1m[35m (0.4ms)[0m  [1m[35mCOMMIT[0m
  ↳ db/seeds.rb:19
  [1m[35m (0.1ms)[0m  [1m[35mBEGIN[0m
  ↳ db/seeds.rb:14
  [1m[36mAirplane Create (0.3ms)[0m  [1m[32mINSERT INTO "airplanes" DEFAULT VALUES RETURNING "id"[0m
  ↳ db/seeds.rb:14
  [1m[35m (0.4ms)[0m  [1m[35mCOMMIT[0m
  ↳ db/seeds.rb:14
  [1m[35m (0.1ms)[0m  [1m[35mBEGIN[0m
  ↳ db/seeds.rb:19
  [1m[36mAirplane Update (0.3ms)[0m  [1m[33mUPDATE "airplanes" SET "name" = $1, "rows" = $2, "columns" = $3 WHERE "airplanes"."id" = $4[0m  [["name", "Boeing 787"], ["rows", 14], ["columns", 6], ["id", 3]]
  ↳ db/seeds.rb:19
  [1m[35m (0.4ms)[0m  [1m[35mCOMMIT[0m
  ↳ db/seeds.rb:19
  [1m[35m (0.1ms)[0m  [1m[35mBEGIN[0m
  ↳ db/seeds.rb:14
  [1m[36mAirplane Create (0.2ms)[0m  [1m[32mINSERT INTO "airplanes" DEFAULT VALUES RETURNING "id"[0m
  ↳ db/seeds.rb:14
  [1m[35m (0.5ms)[0m  [1m[35mCOMMIT[0m
  ↳ db/seeds.rb:14
  [1m[35m (0.1ms)[0m  [1m[35mBEGIN[0m
  ↳ db/seeds.rb:19
  [1m[36mAirplane Update (0.4ms)[0m  [1m[33mUPDATE "airplanes" SET "name" = $1, "rows" = $2, "columns" = $3 WHERE "airplanes"."id" = $4[0m  [["name", "Boeing 737"], ["rows", 13], ["columns", 6], ["id", 4]]
  ↳ db/seeds.rb:19
  [1m[35m (0.4ms)[0m  [1m[35mCOMMIT[0m
  ↳ db/seeds.rb:19
  [1m[35m (0.1ms)[0m  [1m[35mBEGIN[0m
  ↳ db/seeds.rb:14
  [1m[36mAirplane Create (0.4ms)[0m  [1m[32mINSERT INTO "airplanes" DEFAULT VALUES RETURNING "id"[0m
  ↳ db/seeds.rb:14
  [1m[35m (0.4ms)[0m  [1m[35mCOMMIT[0m
  ↳ db/seeds.rb:14
  [1m[35m (0.1ms)[0m  [1m[35mBEGIN[0m
  ↳ db/seeds.rb:19
  [1m[36mAirplane Update (0.3ms)[0m  [1m[33mUPDATE "airplanes" SET "name" = $1, "rows" = $2, "columns" = $3 WHERE "airplanes"."id" = $4[0m  [["name", "Boeing 787"], ["rows", 12], ["columns", 4], ["id", 5]]
  ↳ db/seeds.rb:19
  [1m[35m (0.4ms)[0m  [1m[35mCOMMIT[0m
  ↳ db/seeds.rb:19
  [1m[35m (5.0ms)[0m  [1m[34mSELECT COUNT(*) FROM "airplanes"[0m
  ↳ db/seeds.rb:23
  [1m[36mAirplane Load (0.7ms)[0m  [1m[34mSELECT "airplanes".* FROM "airplanes"[0m
